<?xml version="1.0" encoding="UTF-8"?>
<testsuites name="LoginRegistrationSuite1" time="10" tests="1" failures="1" errors="0">
   <testsuite name="LoginRegistrationSuite1" tests="1" failures="1" errors="0" time="10" timestamp="2018-06-24 21:45:24" hostname="anurag.gambhir - ND0311119038941.Infoedge.com" id="Test Suites/LoginResgistrationSuite/LoginRegistrationSuite1">
      <properties>
         <property name="deviceName" value=""/>
         <property name="devicePlatform" value=""/>
         <property name="logFolder" value="D:\\Shiksha\\Shiksha\\Reports\\LoginResgistrationSuite\\LoginRegistrationSuite1\\20180624_214520"/>
         <property name="logFiles" value="D:\\Shiksha\\Shiksha\\Reports\\LoginResgistrationSuite\\LoginRegistrationSuite1\\20180624_214520\\execution0.log"/>
         <property name="attachments" value=""/>
         <property name="hostName" value="anurag.gambhir - ND0311119038941.Infoedge.com"/>
         <property name="os" value="Windows 7 64bit"/>
         <property name="katalonVersion" value="5.4.2.1"/>
         <property name="browser" value="Firefox 59.0"/>
         <property name="hostAddress" value="192.168.0.101"/>
         <property name="sessionId" value="35bc05fc-b9b4-4627-8351-c5ca4ae03af7"/>
         <property name="seleniumVersion" value="3.7.1"/>
         <property name="proxyInformation" value="ProxyInformation{proxyOption=NO_PROXY, proxyServerType=HTTP, password=, proxyServerAddress=, proxyServerPort=0}"/>
         <property name="platform" value="Windows 7"/>
      </properties>
      <testcase name="Test Cases/Login/LoginInvalid" classname="Test Cases/Login/LoginInvalid" status="PASSED">
         <system-out><![CDATA[2018-06-24 21:45:25 - [TEST_CASE][PASSED] - Test Cases/Login/LoginInvalid: Test Cases/Login/LoginInvalid

2018-06-24 21:45:25 - [TEST_STEP][PASSED] - Start setup action : setupCase: Method 'setupCase' complete successfully

2018-06-24 21:45:25 - [TEST_STEP][PASSED] - openBrowser: Browser is opened with url: 'https://www.shiksha.com'

2018-06-24 21:45:30 - [MESSAGE][PASSED] - Browser is opened with url: 'https://www.shiksha.com'

2018-06-24 21:45:30 - [MESSAGE][PASSED] - Method 'setupCase' complete successfully

2018-06-24 21:45:30 - [TEST_STEP][PASSED] - click: Object: 'Object Repository/Login/Page_Login/a_Login' is clicked on

2018-06-24 21:45:31 - [MESSAGE][PASSED] - Object: 'Object Repository/Login/Page_Login/a_Login' is clicked on

2018-06-24 21:45:31 - [TEST_STEP][PASSED] - setText: Text 'anuraggambhir58@yahoo.com' is set on object 'Object Repository/Login/Page_Login/input_email'

2018-06-24 21:45:31 - [MESSAGE][PASSED] - Text 'anuraggambhir58@yahoo.com' is set on object 'Object Repository/Login/Page_Login/input_email'

2018-06-24 21:45:31 - [TEST_STEP][PASSED] - setText: Text 'anurag881' is set on object 'Object Repository/Login/Page_Login/input_password'

2018-06-24 21:45:31 - [MESSAGE][PASSED] - Text 'anurag881' is set on object 'Object Repository/Login/Page_Login/input_password'

2018-06-24 21:45:31 - [TEST_STEP][PASSED] - click: Object: 'Object Repository/Login/Page_Login/a_Submit' is clicked on

2018-06-24 21:45:32 - [MESSAGE][PASSED] - Object: 'Object Repository/Login/Page_Login/a_Submit' is clicked on

2018-06-24 21:45:32 - [TEST_STEP][PASSED] - click: Object: 'Object Repository/Login/Page_Login/div_Email addressPlease enter' is clicked on

2018-06-24 21:45:32 - [MESSAGE][PASSED] - Object: 'Object Repository/Login/Page_Login/div_Email addressPlease enter' is clicked on

2018-06-24 21:45:32 - [TEST_STEP][PASSED] - Start tear down : tearDownifPassed: Method 'tearDownifPassed' complete successfully

2018-06-24 21:45:32 - [TEST_STEP][PASSED] - Statement - out.println("Passed"): null

2018-06-24 21:45:32 - [MESSAGE][PASSED] - Method 'tearDownifPassed' complete successfully

2018-06-24 21:45:32 - [TEST_STEP][PASSED] - Start tear down : tearDownCase: Method 'tearDownCase' complete successfully

2018-06-24 21:45:32 - [TEST_STEP][PASSED] - closeBrowser: Browser is closed

2018-06-24 21:45:33 - [MESSAGE][PASSED] - Browser is closed

2018-06-24 21:45:33 - [MESSAGE][PASSED] - Method 'tearDownCase' complete successfully]]></system-out>
         <system-err><![CDATA[]]></system-err>
      </testcase>
      <testcase name="Test Cases/Registration/Registration" classname="Test Cases/Registration/Registration" status="FAILED">
         <failure type="FAILED" message="Unable to open browser with url: '' (Root cause: org.openqa.selenium.SessionNotCreatedException: Tried to run command without establishing a connection
Build info: version: '3.7.1', revision: '8a0099a', time: '2017-11-06T21:07:36.161Z'
System info: host: 'ND0311119038941', ip: '192.168.0.101', os.name: 'Windows 7', os.arch: 'amd64', os.version: '6.1', java.version: '1.8.0_102'
Driver info: com.kms.katalon.core.webui.driver.ExistingRemoteWebDriver
Capabilities {javascriptEnabled: true, platform: ANY, platformName: ANY}
Session ID: 35bc05fc-b9b4-4627-8351-c5ca4ae03af7)"/>
         <system-out><![CDATA[2018-06-24 21:45:33 - [TEST_CASE][FAILED] - Test Cases/Registration/Registration: Test Cases/Registration/Registration FAILED because (of) Unable to open browser with url: '' (Root cause: org.openqa.selenium.SessionNotCreatedException: Tried to run command without establishing a connection
Build info: version: '3.7.1', revision: '8a0099a', time: '2017-11-06T21:07:36.161Z'
System info: host: 'ND0311119038941', ip: '192.168.0.101', os.name: 'Windows 7', os.arch: 'amd64', os.version: '6.1', java.version: '1.8.0_102'
Driver info: com.kms.katalon.core.webui.driver.ExistingRemoteWebDriver
Capabilities {javascriptEnabled: true, platform: ANY, platformName: ANY}
Session ID: 35bc05fc-b9b4-4627-8351-c5ca4ae03af7)

2018-06-24 21:45:33 - [TEST_STEP][FAILED] - openBrowser: Unable to open browser with url: '' (Root cause: org.openqa.selenium.SessionNotCreatedException: Tried to run command without establishing a connection
Build info: version: '3.7.1', revision: '8a0099a', time: '2017-11-06T21:07:36.161Z'
System info: host: 'ND0311119038941', ip: '192.168.0.101', os.name: 'Windows 7', os.arch: 'amd64', os.version: '6.1', java.version: '1.8.0_102'
Driver info: com.kms.katalon.core.webui.driver.ExistingRemoteWebDriver
Capabilities {javascriptEnabled: true, platform: ANY, platformName: ANY}
Session ID: 35bc05fc-b9b4-4627-8351-c5ca4ae03af7)

2018-06-24 21:45:34 - [MESSAGE][FAILED] - Unable to open browser with url: '' (Root cause: org.openqa.selenium.SessionNotCreatedException: Tried to run command without establishing a connection
Build info: version: '3.7.1', revision: '8a0099a', time: '2017-11-06T21:07:36.161Z'
System info: host: 'ND0311119038941', ip: '192.168.0.101', os.name: 'Windows 7', os.arch: 'amd64', os.version: '6.1', java.version: '1.8.0_102'
Driver info: com.kms.katalon.core.webui.driver.ExistingRemoteWebDriver
Capabilities {javascriptEnabled: true, platform: ANY, platformName: ANY}
Session ID: 35bc05fc-b9b4-4627-8351-c5ca4ae03af7)

2018-06-24 21:45:34 - [TEST_STEP][PASSED] - Start tear down : tearDownifFailed: Error occurred when try to run method 'tearDownifFailed' (Root cause: com.kms.katalon.core.exception.StepFailedException - Cannot take screenshot (Root cause: org.openqa.selenium.SessionNotCreatedException: Tried to run command without establishing a connection
Build info: version: '3.7.1', revision: '8a0099a', time: '2017-11-06T21:07:36.161Z'
System info: host: 'ND0311119038941', ip: '192.168.0.101', os.name: 'Windows 7', os.arch: 'amd64', os.version: '6.1', java.version: '1.8.0_102'
Driver info: com.kms.katalon.core.webui.driver.ExistingRemoteWebDriver
Capabilities {javascriptEnabled: true, platform: ANY, platformName: ANY}
Session ID: 35bc05fc-b9b4-4627-8351-c5ca4ae03af7))

2018-06-24 21:45:34 - [TEST_STEP][FAILED] - Statement - path = com.kms.katalon.core.webui.keyword.WebUiBuiltInKeywords.takeScreenshot(): Cannot take screenshot (Root cause: org.openqa.selenium.SessionNotCreatedException: Tried to run command without establishing a connection
Build info: version: '3.7.1', revision: '8a0099a', time: '2017-11-06T21:07:36.161Z'
System info: host: 'ND0311119038941', ip: '192.168.0.101', os.name: 'Windows 7', os.arch: 'amd64', os.version: '6.1', java.version: '1.8.0_102'
Driver info: com.kms.katalon.core.webui.driver.ExistingRemoteWebDriver
Capabilities {javascriptEnabled: true, platform: ANY, platformName: ANY}
Session ID: 35bc05fc-b9b4-4627-8351-c5ca4ae03af7)

2018-06-24 21:45:34 - [MESSAGE][WARNING] - Cannot take screenshot

2018-06-24 21:45:34 - [MESSAGE][FAILED] - Cannot take screenshot (Root cause: org.openqa.selenium.SessionNotCreatedException: Tried to run command without establishing a connection
Build info: version: '3.7.1', revision: '8a0099a', time: '2017-11-06T21:07:36.161Z'
System info: host: 'ND0311119038941', ip: '192.168.0.101', os.name: 'Windows 7', os.arch: 'amd64', os.version: '6.1', java.version: '1.8.0_102'
Driver info: com.kms.katalon.core.webui.driver.ExistingRemoteWebDriver
Capabilities {javascriptEnabled: true, platform: ANY, platformName: ANY}
Session ID: 35bc05fc-b9b4-4627-8351-c5ca4ae03af7)

2018-06-24 21:45:34 - [MESSAGE][WARNING] - Error occurred when try to run method 'tearDownifFailed' (Root cause: com.kms.katalon.core.exception.StepFailedException - Cannot take screenshot (Root cause: org.openqa.selenium.SessionNotCreatedException: Tried to run command without establishing a connection
Build info: version: '3.7.1', revision: '8a0099a', time: '2017-11-06T21:07:36.161Z'
System info: host: 'ND0311119038941', ip: '192.168.0.101', os.name: 'Windows 7', os.arch: 'amd64', os.version: '6.1', java.version: '1.8.0_102'
Driver info: com.kms.katalon.core.webui.driver.ExistingRemoteWebDriver
Capabilities {javascriptEnabled: true, platform: ANY, platformName: ANY}
Session ID: 35bc05fc-b9b4-4627-8351-c5ca4ae03af7))]]></system-out>
         <system-err><![CDATA[2018-06-24 21:45:33 - [TEST_CASE][FAILED] - Test Cases/Registration/Registration: Test Cases/Registration/Registration FAILED because (of) Unable to open browser with url: '' (Root cause: org.openqa.selenium.SessionNotCreatedException: Tried to run command without establishing a connection
Build info: version: '3.7.1', revision: '8a0099a', time: '2017-11-06T21:07:36.161Z'
System info: host: 'ND0311119038941', ip: '192.168.0.101', os.name: 'Windows 7', os.arch: 'amd64', os.version: '6.1', java.version: '1.8.0_102'
Driver info: com.kms.katalon.core.webui.driver.ExistingRemoteWebDriver
Capabilities {javascriptEnabled: true, platform: ANY, platformName: ANY}
Session ID: 35bc05fc-b9b4-4627-8351-c5ca4ae03af7)]]></system-err>
      </testcase>
      <system-out><![CDATA[2018-06-24 21:45:24 - [TEST_SUITE][INCOMPLETE] - LoginRegistrationSuite1: null]]></system-out>
      <system-err><![CDATA[2018-06-24 21:45:24 - [TEST_SUITE][INCOMPLETE] - LoginRegistrationSuite1: null]]></system-err>
   </testsuite>
</testsuites>
